<?xml version="1.0" encoding="UTF-8"?>
<coverage generated="1768000084891" clover="3.2.0">
  <project timestamp="1768000084891" name="All files">
    <metrics statements="4" coveredstatements="4" conditionals="9" coveredconditionals="9" methods="1" coveredmethods="1" elements="14" coveredelements="14" complexity="0" loc="4" ncloc="4" packages="1" files="1" classes="1"/>
    <file name="pode-votar.js" path="/Users/fabioaraujo/Desktop/EBAC/repositorio/aula-teste-de-unidade/src/pode-votar.js">
      <metrics statements="4" coveredstatements="4" conditionals="9" coveredconditionals="9" methods="1" coveredmethods="1"/>
      <line num="10" count="7" type="cond" truecount="5" falsecount="0"/>
      <line num="13" count="3" type="cond" truecount="4" falsecount="0"/>
      <line num="16" count="2" type="stmt"/>
      <line num="19" count="1" type="stmt"/>
    </file>
  </project>
</coverage>
