{"/Users/fabioaraujo/Desktop/EBAC/repositorio/aula-teste-de-unidade/src/pode-votar.js": {"path":"/Users/fabioaraujo/Desktop/EBAC/repositorio/aula-teste-de-unidade/src/pode-votar.js","statementMap":{"0":{"start":{"line":10,"column":2},"end":{"line":10,"column":64}},"1":{"start":{"line":10,"column":49},"end":{"line":10,"column":64}},"2":{"start":{"line":13,"column":2},"end":{"line":13,"column":54}},"3":{"start":{"line":13,"column":34},"end":{"line":13,"column":54}},"4":{"start":{"line":16,"column":2},"end":{"line":16,"column":22}},"5":{"start":{"line":19,"column":0},"end":{"line":19,"column":35}}},"fnMap":{"0":{"name":"avaliarVotacao","decl":{"start":{"line":8,"column":9},"end":{"line":8,"column":23}},"loc":{"start":{"line":8,"column":56},"end":{"line":17,"column":1}},"line":8}},"branchMap":{"0":{"loc":{"start":{"line":10,"column":2},"end":{"line":10,"column":64}},"type":"if","locations":[{"start":{"line":10,"column":2},"end":{"line":10,"column":64}},{"start":{},"end":{}}],"line":10},"1":{"loc":{"start":{"line":10,"column":6},"end":{"line":10,"column":47}},"type":"binary-expr","locations":[{"start":{"line":10,"column":6},"end":{"line":10,"column":19}},{"start":{"line":10,"column":23},"end":{"line":10,"column":33}},{"start":{"line":10,"column":37},"end":{"line":10,"column":47}}],"line":10},"2":{"loc":{"start":{"line":13,"column":2},"end":{"line":13,"column":54}},"type":"if","locations":[{"start":{"line":13,"column":2},"end":{"line":13,"column":54}},{"start":{},"end":{}}],"line":13},"3":{"loc":{"start":{"line":13,"column":6},"end":{"line":13,"column":32}},"type":"binary-expr","locations":[{"start":{"line":13,"column":6},"end":{"line":13,"column":17}},{"start":{"line":13,"column":21},"end":{"line":13,"column":32}}],"line":13}},"s":{"0":7,"1":4,"2":3,"3":1,"4":2,"5":1},"f":{"0":7},"b":{"0":[4,3],"1":[7,5,4],"2":[1,2],"3":[3,2]},"_coverageSchema":"1a1c01bbd47fc00a2c39e90264f33305004495a9","hash":"90bf5fc39f75c04cc07fc651e492ee3e8807f678"}
}
